<?xml version="1.0" encoding="UTF-8"?>
<testng-results skipped="0" failed="0" ignored="0" total="1" passed="1">
  <reporter-output>
  </reporter-output>
  <suite name="Default suite" duration-ms="76" started-at="2019-06-15T02:36:44Z" finished-at="2019-06-15T02:36:44Z">
    <groups>
    </groups>
    <test name="Default test" duration-ms="76" started-at="2019-06-15T02:36:44Z" finished-at="2019-06-15T02:36:44Z">
      <class name="com.Springdemo.Springdemo.SpringdemoApplicationTests">
        <test-method status="PASS" signature="contextLoads()[pri:0, instance:com.Springdemo.Springdemo.SpringdemoApplicationTests@3159c4b8]" name="contextLoads" duration-ms="22" started-at="2019-06-15T02:36:44Z" finished-at="2019-06-15T02:36:44Z">
          <reporter-output>
          </reporter-output>
        </test-method> <!-- contextLoads -->
      </class> <!-- com.Springdemo.Springdemo.SpringdemoApplicationTests -->
    </test> <!-- Default test -->
  </suite> <!-- Default suite -->
</testng-results>
